0 info it worked if it ends with ok
1 verbose cli [
1 verbose cli   'C:\\Program Files\\nodejs\\node.exe',
1 verbose cli   'C:\\Program Files\\nodejs\\node_modules\\npm\\bin\\npm-cli.js',
1 verbose cli   'start'
1 verbose cli ]
2 info using npm@6.14.4
3 info using node@v12.16.2
4 verbose run-script [ 'prestart', 'start', 'poststart' ]
5 info lifecycle gateapp@0.1.0~prestart: gateapp@0.1.0
6 info lifecycle gateapp@0.1.0~start: gateapp@0.1.0
7 verbose lifecycle gateapp@0.1.0~start: unsafe-perm in lifecycle true
8 verbose lifecycle gateapp@0.1.0~start: PATH: C:\Program Files\nodejs\node_modules\npm\node_modules\npm-lifecycle\node-gyp-bin;E:\projects\react\GateAshram\node_modules\.bin;C:\oraclexe\app\oracle\product\11.2.0\server\bin;C:\windows\system32;C:\windows;C:\windows\System32\Wbem;C:\windows\System32\WindowsPowerShell\v1.0\;C:\windows\System32\OpenSSH\;C:\Program Files (x86)\NVIDIA Corporation\PhysX\Common;C:\Program Files\NVIDIA Corporation\NVIDIA NvDLISR;C:\Program Files\Git\cmd;C:\Program Files\nodejs\;C:\Users\J'S ACCT\AppData\Local\Microsoft\WindowsApps;C:\Users\J'S ACCT\AppData\Local\Programs\Microsoft VS Code\bin;C:\Users\J'S ACCT\AppData\Roaming\npm
9 verbose lifecycle gateapp@0.1.0~start: CWD: E:\projects\react\GateAshram
10 silly lifecycle gateapp@0.1.0~start: Args: [ '/d /s /c', 'react-scripts start' ]
11 silly lifecycle gateapp@0.1.0~start: Returned: code: 1  signal: null
12 info lifecycle gateapp@0.1.0~start: Failed to exec start script
13 verbose stack Error: gateapp@0.1.0 start: `react-scripts start`
13 verbose stack Exit status 1
13 verbose stack     at EventEmitter.<anonymous> (C:\Program Files\nodejs\node_modules\npm\node_modules\npm-lifecycle\index.js:332:16)
13 verbose stack     at EventEmitter.emit (events.js:310:20)
13 verbose stack     at ChildProcess.<anonymous> (C:\Program Files\nodejs\node_modules\npm\node_modules\npm-lifecycle\lib\spawn.js:55:14)
13 verbose stack     at ChildProcess.emit (events.js:310:20)
13 verbose stack     at maybeClose (internal/child_process.js:1021:16)
13 verbose stack     at Process.ChildProcess._handle.onexit (internal/child_process.js:286:5)
14 verbose pkgid gateapp@0.1.0
15 verbose cwd E:\projects\react\GateAshram
16 verbose Windows_NT 10.0.18362
17 verbose argv "C:\\Program Files\\nodejs\\node.exe" "C:\\Program Files\\nodejs\\node_modules\\npm\\bin\\npm-cli.js" "start"
18 verbose node v12.16.2
19 verbose npm  v6.14.4
20 error code ELIFECYCLE
21 error errno 1
22 error gateapp@0.1.0 start: `react-scripts start`
22 error Exit status 1
23 error Failed at the gateapp@0.1.0 start script.
23 error This is probably not a problem with npm. There is likely additional logging output above.
24 verbose exit [ 1, true ]
